     0.586    190.838 0 # matmult_mkn
     2.344    823.130 0 # matmult_mkn
     9.375   2109.183 0 # matmult_mkn
    14.648   2449.077 0 # matmult_mkn
    21.094   2671.872 0 # matmult_mkn
    28.711   3040.550 0 # matmult_mkn
    58.594   3626.290 0 # matmult_mkn
    84.375   3757.159 0 # matmult_mkn
   114.844   3502.019 0 # matmult_mkn
   150.000   3599.536 0 # matmult_mkn
   189.844   3679.890 0 # matmult_mkn
   234.375   3786.144 0 # matmult_mkn
   283.594   3772.452 0 # matmult_mkn
   337.500   3796.524 0 # matmult_mkn
   527.344   3858.821 0 # matmult_mkn
   937.500   3852.902 0 # matmult_mkn
  2109.375   4056.037 0 # matmult_mkn
  3750.000   4109.311 0 # matmult_mkn
  8437.500   4164.240 0 # matmult_mkn
 15000.000   4189.615 0 # matmult_mkn
 16933.594   4182.919 0 # matmult_mkn
 18984.375   4183.325 0 # matmult_mkn
 23437.500   4188.111 0 # matmult_mkn
 33750.000   4211.164 0 # matmult_mkn
 52734.375   4213.195 0 # matmult_mkn
 75937.500   4056.198 20 # matmult_mkn
 93750.000   3466.076 248 # matmult_mkn
135000.000   2620.839 784 # matmult_mkn
183750.000   2343.857 1968 # matmult_mkn

------------------------------------------------------------
Sender: LSF System <lsfadmin@n-62-21-75>
Subject: Job 8704161: <mm_batch> in cluster <dcc> Done

Job <mm_batch> was submitted from host <n-62-30-1> by user <s203269> in cluster <dcc> at Fri Jan  8 12:49:35 2021
Job was executed on host(s) <n-62-21-75>, in queue <hpcintro>, as user <s203269> in cluster <dcc> at Fri Jan  8 12:49:36 2021
</zhome/68/a/154632> was used as the home directory.
</zhome/68/a/154632/Desktop/HPC/Assignments/assignment_1> was used as the working directory.
Started at Fri Jan  8 12:49:36 2021
Terminated at Fri Jan  8 12:51:47 2021
Results reported at Fri Jan  8 12:51:47 2021

Your job looked like:

------------------------------------------------------------
# LSBATCH: User input
#!/bin/bash
# 02614 - High-Performance Computing, January 2018
#
# batch script to run matmult on a decidated server in the hpcintro
# queue
#
# Author: Bernd Dammann <bd@cc.dtu.dk>
#
#BSUB -J mm_batch
#BSUB -o fastest/mkn_adj_%J.out
#BSUB -e errors/Error_%J.err
#BSUB -q hpcintro
#BSUB -n 1
#BSUB -W 15
#BSUB -R "rusage[mem=2048]"

# define the driver name to use
# valid values: matmult_c.studio, matmult_f.studio, matmult_c.gcc or
# matmult_f.gcc
#
EXECUTABLE=matmult_c.gcc

# define the mkn values in the MKN variable
#
SIZES="5 10 20 25 30 35 50 60 70 80 90 100 110 120 150 200 300 400 600 800 850 900 1000 1200 1500 1800 2000 2400 2800"

# define the permutation type in PERM
#
PERM="mkn"

# uncomment and set a reasonable BLKSIZE for the blk version
#
# BLKSIZE=1

# enable(1)/disable(0) result checking
export MATMULT_COMPARE=1

# start the collect command with the above settings
for S in $SIZES
do
    ./$EXECUTABLE $PERM $S $S $S $BLKSIZE
done

------------------------------------------------------------

Successfully completed.

Resource usage summary:

    CPU time :                                   130.38 sec.
    Max Memory :                                 222 MB
    Average Memory :                             149.33 MB
    Total Requested Memory :                     2048.00 MB
    Delta Memory :                               1826.00 MB
    Max Swap :                                   -
    Max Processes :                              4
    Max Threads :                                5
    Run time :                                   131 sec.
    Turnaround time :                            132 sec.

The output (if any) is above this job summary.



PS:

Read file <errors/Error_8704161.err> for stderr output of this job.

