     0.586    192.664 0 # matmult_mkn
     2.344    835.746 0 # matmult_mkn
     9.375   2108.063 0 # matmult_mkn
    58.594   3636.484 0 # matmult_mkn
    84.375   3756.534 0 # matmult_mkn
   114.844   3501.267 0 # matmult_mkn
   150.000   3594.817 0 # matmult_mkn
   189.844   3681.913 0 # matmult_mkn
   234.375   3790.742 0 # matmult_mkn
   937.500   3873.175 0 # matmult_mkn
  2109.375   4062.114 0 # matmult_mkn
  3750.000   4119.393 0 # matmult_mkn
  8437.500   4176.840 0 # matmult_mkn
 15000.000   4202.105 0 # matmult_mkn
 23437.500   4213.029 0 # matmult_mkn
 33750.000   4223.944 0 # matmult_mkn
 45937.500   4229.741 0 # matmult_mkn
 60000.000   4283.282 0 # matmult_mkn
 75937.500   4207.728 20 # matmult_mkn
 93750.000   3454.445 248 # matmult_mkn
113437.500   2983.168 448 # matmult_mkn
135000.000   2615.550 784 # matmult_mkn
158437.500   2428.501 1168 # matmult_mkn

------------------------------------------------------------
Sender: LSF System <lsfadmin@n-62-21-93>
Subject: Job 8703969: <mm_batch> in cluster <dcc> Done

Job <mm_batch> was submitted from host <n-62-30-7> by user <s203269> in cluster <dcc> at Fri Jan  8 11:54:21 2021
Job was executed on host(s) <n-62-21-93>, in queue <hpcintro>, as user <s203269> in cluster <dcc> at Fri Jan  8 11:54:22 2021
</zhome/68/a/154632> was used as the home directory.
</zhome/68/a/154632/Desktop/HPC/Assignments/assignment_1> was used as the working directory.
Started at Fri Jan  8 11:54:22 2021
Terminated at Fri Jan  8 11:56:18 2021
Results reported at Fri Jan  8 11:56:18 2021

Your job looked like:

------------------------------------------------------------
# LSBATCH: User input
#!/bin/bash
# 02614 - High-Performance Computing, January 2018
#
# batch script to run matmult on a decidated server in the hpcintro
# queue
#
# Author: Bernd Dammann <bd@cc.dtu.dk>
#
#BSUB -J mm_batch
#BSUB -o fastest/mkn_%J.out
#BSUB -e errors/Error_%J.err
#BSUB -q hpcintro
#BSUB -n 1
#BSUB -W 15
#BSUB -R "rusage[mem=2048]"

# define the driver name to use
# valid values: matmult_c.studio, matmult_f.studio, matmult_c.gcc or
# matmult_f.gcc
#
EXECUTABLE=matmult_c.gcc

# define the mkn values in the MKN variable
#
SIZES="5 10 20 50 60 70 80 90 100 200 300 400 600 800 1000 1200 1400 1600 1800 2000 2200 2400 2600"

# define the permutation type in PERM
#
PERM="mkn"

# uncomment and set a reasonable BLKSIZE for the blk version
#
# BLKSIZE=1

# enable(1)/disable(0) result checking
export MATMULT_COMPARE=1

# start the collect command with the above settings
for S in $SIZES
do
    ./$EXECUTABLE $PERM $S $S $S $BLKSIZE
done

------------------------------------------------------------

Successfully completed.

Resource usage summary:

    CPU time :                                   115.27 sec.
    Max Memory :                                 5 MB
    Average Memory :                             4.67 MB
    Total Requested Memory :                     2048.00 MB
    Delta Memory :                               2043.00 MB
    Max Swap :                                   -
    Max Processes :                              4
    Max Threads :                                5
    Run time :                                   116 sec.
    Turnaround time :                            117 sec.

The output (if any) is above this job summary.



PS:

Read file <errors/Error_8703969.err> for stderr output of this job.

