     0.586    193.209 0 # matmult_kmn
     2.344    851.293 0 # matmult_kmn
     9.375   1680.648 0 # matmult_kmn
    58.594   2183.190 0 # matmult_kmn
   131.836   2252.519 0 # matmult_kmn
   234.375   2283.217 0 # matmult_kmn
   937.500   2166.908 0 # matmult_kmn
  5859.375   2289.636 0 # matmult_kmn
 23437.500   2391.032 0 # matmult_kmn
 93750.000   1988.753 248 # matmult_kmn

------------------------------------------------------------
Sender: LSF System <lsfadmin@n-62-21-75>
Subject: Job 8698077: <mm_batch> in cluster <dcc> Done

Job <mm_batch> was submitted from host <n-62-30-1> by user <s203269> in cluster <dcc> at Thu Jan  7 23:13:39 2021
Job was executed on host(s) <n-62-21-75>, in queue <hpcintro>, as user <s203269> in cluster <dcc> at Thu Jan  7 23:22:59 2021
</zhome/68/a/154632> was used as the home directory.
</zhome/68/a/154632/Desktop/HPC/Assignments/assignment_1> was used as the working directory.
Started at Thu Jan  7 23:22:59 2021
Terminated at Thu Jan  7 23:23:38 2021
Results reported at Thu Jan  7 23:23:38 2021

Your job looked like:

------------------------------------------------------------
# LSBATCH: User input
#!/bin/bash
# 02614 - High-Performance Computing, January 2018
#
# batch script to run matmult on a decidated server in the hpcintro
# queue
#
# Author: Bernd Dammann <bd@cc.dtu.dk>
#
#BSUB -J mm_batch
#BSUB -o fully_optimized_O3_outputs/kmn_%J.out
#BSUB -e errors/Error_%J.err
#BSUB -q hpcintro
#BSUB -n 1
#BSUB -W 15
#BSUB -R "rusage[mem=2048]"

# define the driver name to use
# valid values: matmult_c.studio, matmult_f.studio, matmult_c.gcc or
# matmult_f.gcc
#
EXECUTABLE=matmult_c.gcc

# define the mkn values in the MKN variable
#
SIZES="5 10 20 50 75 100 200 500 1000 2000"

# define the permutation type in PERM
#
PERM="kmn"

# uncomment and set a reasonable BLKSIZE for the blk version
#
# BLKSIZE=1

# enable(1)/disable(0) result checking
export MATMULT_COMPARE=1
export MATMULT_RESULTS=0

# start the collect command with the above settings
for S in $SIZES
do
    ./$EXECUTABLE $PERM $S $S $S $BLKSIZE
done

------------------------------------------------------------

Successfully completed.

Resource usage summary:

    CPU time :                                   37.96 sec.
    Max Memory :                                 4 MB
    Average Memory :                             4.00 MB
    Total Requested Memory :                     2048.00 MB
    Delta Memory :                               2044.00 MB
    Max Swap :                                   -
    Max Processes :                              4
    Max Threads :                                5
    Run time :                                   122 sec.
    Turnaround time :                            599 sec.

The output (if any) is above this job summary.



PS:

Read file <errors/Error_8698077.err> for stderr output of this job.

