     0.586    201.489 0 # matmult_nkm
     2.344    818.006 0 # matmult_nkm
     9.375   1362.010 0 # matmult_nkm
    58.594   1535.250 0 # matmult_nkm
   131.836   1506.090 0 # matmult_nkm
   234.375   1459.564 0 # matmult_nkm
   937.500    989.474 0 # matmult_nkm
  5859.375    501.975 0 # matmult_nkm
 23437.500    502.272 0 # matmult_nkm
 93750.000    319.035 248 # matmult_nkm

------------------------------------------------------------
Sender: LSF System <lsfadmin@n-62-21-76>
Subject: Job 8698076: <mm_batch> in cluster <dcc> Done

Job <mm_batch> was submitted from host <n-62-30-1> by user <s203269> in cluster <dcc> at Thu Jan  7 23:13:29 2021
Job was executed on host(s) <n-62-21-76>, in queue <hpcintro>, as user <s203269> in cluster <dcc> at Thu Jan  7 23:21:37 2021
</zhome/68/a/154632> was used as the home directory.
</zhome/68/a/154632/Desktop/HPC/Assignments/assignment_1> was used as the working directory.
Started at Thu Jan  7 23:21:37 2021
Terminated at Thu Jan  7 23:22:58 2021
Results reported at Thu Jan  7 23:22:58 2021

Your job looked like:

------------------------------------------------------------
# LSBATCH: User input
#!/bin/bash
# 02614 - High-Performance Computing, January 2018
#
# batch script to run matmult on a decidated server in the hpcintro
# queue
#
# Author: Bernd Dammann <bd@cc.dtu.dk>
#
#BSUB -J mm_batch
#BSUB -o fully_optimized_O3_outputs/nkm_%J.out
#BSUB -e errors/Error_%J.err
#BSUB -q hpcintro
#BSUB -n 1
#BSUB -W 15
#BSUB -R "rusage[mem=2048]"

# define the driver name to use
# valid values: matmult_c.studio, matmult_f.studio, matmult_c.gcc or
# matmult_f.gcc
#
EXECUTABLE=matmult_c.gcc

# define the mkn values in the MKN variable
#
SIZES="5 10 20 50 75 100 200 500 1000 2000"

# define the permutation type in PERM
#
PERM="nkm"

# uncomment and set a reasonable BLKSIZE for the blk version
#
# BLKSIZE=1

# enable(1)/disable(0) result checking
export MATMULT_COMPARE=1
export MATMULT_RESULTS=0

# start the collect command with the above settings
for S in $SIZES
do
    ./$EXECUTABLE $PERM $S $S $S $BLKSIZE
done

------------------------------------------------------------

Successfully completed.

Resource usage summary:

    CPU time :                                   81.18 sec.
    Max Memory :                                 4 MB
    Average Memory :                             4.00 MB
    Total Requested Memory :                     2048.00 MB
    Delta Memory :                               2044.00 MB
    Max Swap :                                   -
    Max Processes :                              4
    Max Threads :                                5
    Run time :                                   81 sec.
    Turnaround time :                            569 sec.

The output (if any) is above this job summary.



PS:

Read file <errors/Error_8698076.err> for stderr output of this job.

