     0.586    124.973 0 # matmult_mkn
     2.344    249.083 0 # matmult_mkn
     9.375    259.235 0 # matmult_mkn
    58.594    290.623 0 # matmult_mkn
   131.836    295.209 0 # matmult_mkn
   234.375    296.043 0 # matmult_mkn
   937.500    300.575 0 # matmult_mkn
  5859.375    302.505 0 # matmult_mkn
 23437.500    303.494 0 # matmult_mkn
 93750.000    303.457 248 # matmult_mkn

------------------------------------------------------------
Sender: LSF System <lsfadmin@n-62-21-78>
Subject: Job 8694610: <mm_batch> in cluster <dcc> Done

Job <mm_batch> was submitted from host <n-62-30-1> by user <s203269> in cluster <dcc> at Thu Jan  7 21:36:32 2021
Job was executed on host(s) <n-62-21-78>, in queue <hpcintro>, as user <s203269> in cluster <dcc> at Thu Jan  7 21:45:14 2021
</zhome/68/a/154632> was used as the home directory.
</zhome/68/a/154632/Desktop/HPC/Assignments/assignment_1> was used as the working directory.
Started at Thu Jan  7 21:45:14 2021
Terminated at Thu Jan  7 21:46:40 2021
Results reported at Thu Jan  7 21:46:40 2021

Your job looked like:

------------------------------------------------------------
# LSBATCH: User input
#!/bin/bash
# 02614 - High-Performance Computing, January 2018
#
# batch script to run matmult on a decidated server in the hpcintro
# queue
#
# Author: Bernd Dammann <bd@cc.dtu.dk>
#
#BSUB -J mm_batch
#BSUB -o outputs/mkn_%J.out
#BSUB -e errors/Error_%J.err
#BSUB -q hpcintro
#BSUB -n 1
#BSUB -W 15
#BSUB -R "rusage[mem=2048]"

# define the driver name to use
# valid values: matmult_c.studio, matmult_f.studio, matmult_c.gcc or
# matmult_f.gcc
#
EXECUTABLE=matmult_c.gcc

# define the mkn values in the MKN variable
#
SIZES="5 10 20 50 75 100 200 500 1000 2000"

# define the permutation type in PERM
#
PERM="mkn"

# uncomment and set a reasonable BLKSIZE for the blk version
#
# BLKSIZE=1

# enable(1)/disable(0) result checking
export MATMULT_COMPARE=1
export MATMULT_RESULTS=0

# start the collect command with the above settings
for S in $SIZES
do
    ./$EXECUTABLE $PERM $S $S $S $BLKSIZE
done

------------------------------------------------------------

Successfully completed.

Resource usage summary:

    CPU time :                                   86.22 sec.
    Max Memory :                                 113 MB
    Average Memory :                             76.67 MB
    Total Requested Memory :                     2048.00 MB
    Delta Memory :                               1935.00 MB
    Max Swap :                                   -
    Max Processes :                              4
    Max Threads :                                5
    Run time :                                   86 sec.
    Turnaround time :                            608 sec.

The output (if any) is above this job summary.



PS:

Read file <errors/Error_8694610.err> for stderr output of this job.

