     0.586    129.411 0 # matmult_mnk
     2.344    261.661 0 # matmult_mnk
     9.375    306.685 0 # matmult_mnk
    58.594    307.769 0 # matmult_mnk
   131.836    306.969 0 # matmult_mnk
   234.375    309.940 0 # matmult_mnk
   937.500    276.820 0 # matmult_mnk
  5859.375    232.014 0 # matmult_mnk
 23437.500    263.872 0 # matmult_mnk
 93750.000    177.831 248 # matmult_mnk

------------------------------------------------------------
Sender: LSF System <lsfadmin@n-62-21-78>
Subject: Job 8694615: <mm_batch> in cluster <dcc> Done

Job <mm_batch> was submitted from host <n-62-30-1> by user <s203269> in cluster <dcc> at Thu Jan  7 21:36:49 2021
Job was executed on host(s) <n-62-21-78>, in queue <hpcintro>, as user <s203269> in cluster <dcc> at Thu Jan  7 21:46:41 2021
</zhome/68/a/154632> was used as the home directory.
</zhome/68/a/154632/Desktop/HPC/Assignments/assignment_1> was used as the working directory.
Started at Thu Jan  7 21:46:41 2021
Terminated at Thu Jan  7 21:48:46 2021
Results reported at Thu Jan  7 21:48:46 2021

Your job looked like:

------------------------------------------------------------
# LSBATCH: User input
#!/bin/bash
# 02614 - High-Performance Computing, January 2018
#
# batch script to run matmult on a decidated server in the hpcintro
# queue
#
# Author: Bernd Dammann <bd@cc.dtu.dk>
#
#BSUB -J mm_batch
#BSUB -o outputs/mnk_%J.out
#BSUB -e errors/Error_%J.err
#BSUB -q hpcintro
#BSUB -n 1
#BSUB -W 15
#BSUB -R "rusage[mem=2048]"

# define the driver name to use
# valid values: matmult_c.studio, matmult_f.studio, matmult_c.gcc or
# matmult_f.gcc
#
EXECUTABLE=matmult_c.gcc

# define the mkn values in the MKN variable
#
SIZES="5 10 20 50 75 100 200 500 1000 2000"

# define the permutation type in PERM
#
PERM="mnk"

# uncomment and set a reasonable BLKSIZE for the blk version
#
# BLKSIZE=1

# enable(1)/disable(0) result checking
export MATMULT_COMPARE=1
export MATMULT_RESULTS=0

# start the collect command with the above settings
for S in $SIZES
do
    ./$EXECUTABLE $PERM $S $S $S $BLKSIZE
done

------------------------------------------------------------

Successfully completed.

Resource usage summary:

    CPU time :                                   124.39 sec.
    Max Memory :                                 4 MB
    Average Memory :                             4.00 MB
    Total Requested Memory :                     2048.00 MB
    Delta Memory :                               2044.00 MB
    Max Swap :                                   -
    Max Processes :                              4
    Max Threads :                                5
    Run time :                                   126 sec.
    Turnaround time :                            717 sec.

The output (if any) is above this job summary.



PS:

Read file <errors/Error_8694615.err> for stderr output of this job.

