     0.586    125.292 0 # matmult_nkm
     2.344    213.630 0 # matmult_nkm
     9.375    255.673 0 # matmult_nkm
    58.594    274.137 0 # matmult_nkm
   131.836    280.298 0 # matmult_nkm
   234.375    279.569 0 # matmult_nkm
   937.500    240.339 0 # matmult_nkm
  5859.375    216.208 0 # matmult_nkm
 23437.500    242.329 0 # matmult_nkm
 93750.000    159.661 248 # matmult_nkm

------------------------------------------------------------
Sender: LSF System <lsfadmin@n-62-21-78>
Subject: Job 8694607: <mm_batch> in cluster <dcc> Done

Job <mm_batch> was submitted from host <n-62-30-1> by user <s203269> in cluster <dcc> at Thu Jan  7 21:35:57 2021
Job was executed on host(s) <n-62-21-78>, in queue <hpcintro>, as user <s203269> in cluster <dcc> at Thu Jan  7 21:40:57 2021
</zhome/68/a/154632> was used as the home directory.
</zhome/68/a/154632/Desktop/HPC/Assignments/assignment_1> was used as the working directory.
Started at Thu Jan  7 21:40:57 2021
Terminated at Thu Jan  7 21:43:13 2021
Results reported at Thu Jan  7 21:43:13 2021

Your job looked like:

------------------------------------------------------------
# LSBATCH: User input
#!/bin/bash
# 02614 - High-Performance Computing, January 2018
#
# batch script to run matmult on a decidated server in the hpcintro
# queue
#
# Author: Bernd Dammann <bd@cc.dtu.dk>
#
#BSUB -J mm_batch
#BSUB -o outputs/nkm_%J.out
#BSUB -e errors/Error_%J.err
#BSUB -q hpcintro
#BSUB -n 1
#BSUB -W 15
#BSUB -R "rusage[mem=2048]"

# define the driver name to use
# valid values: matmult_c.studio, matmult_f.studio, matmult_c.gcc or
# matmult_f.gcc
#
EXECUTABLE=matmult_c.gcc

# define the mkn values in the MKN variable
#
SIZES="5 10 20 50 75 100 200 500 1000 2000"

# define the permutation type in PERM
#
PERM="nkm"

# uncomment and set a reasonable BLKSIZE for the blk version
#
# BLKSIZE=1

# enable(1)/disable(0) result checking
export MATMULT_COMPARE=1
export MATMULT_RESULTS=0

# start the collect command with the above settings
for S in $SIZES
do
    ./$EXECUTABLE $PERM $S $S $S $BLKSIZE
done

------------------------------------------------------------

Successfully completed.

Resource usage summary:

    CPU time :                                   135.60 sec.
    Max Memory :                                 133 MB
    Average Memory :                             90.00 MB
    Total Requested Memory :                     2048.00 MB
    Delta Memory :                               1915.00 MB
    Max Swap :                                   -
    Max Processes :                              4
    Max Threads :                                5
    Run time :                                   136 sec.
    Turnaround time :                            436 sec.

The output (if any) is above this job summary.



PS:

Read file <errors/Error_8694607.err> for stderr output of this job.

